  Appearance.cpp
  Application.cpp
  c:\program files (x86)\windows kits\8.1\include\um\dinput.h: DIRECTINPUT_VERSION undefined. Defaulting to version 0x0800
f:\documents\onedrive - staffordshire university\university work\further games and graphics concepts\fggc framework semester 2\camera.h(36): warning C4100: 'd': unreferenced formal parameter
f:\documents\onedrive - staffordshire university\university work\further games and graphics concepts\fggc framework semester 2\camera.h(37): warning C4100: 'd': unreferenced formal parameter
f:\documents\onedrive - staffordshire university\university work\further games and graphics concepts\fggc framework semester 2\camera.h(38): warning C4100: 'd': unreferenced formal parameter
f:\documents\onedrive - staffordshire university\university work\further games and graphics concepts\fggc framework semester 2\camera.h(41): warning C4100: 'angle': unreferenced formal parameter
f:\documents\onedrive - staffordshire university\university work\further games and graphics concepts\fggc framework semester 2\camera.h(42): warning C4100: 'angle': unreferenced formal parameter
f:\documents\onedrive - staffordshire university\university work\further games and graphics concepts\fggc framework semester 2\collision.h(21): warning C4018: '<': signed/unsigned mismatch
f:\documents\onedrive - staffordshire university\university work\further games and graphics concepts\fggc framework semester 2\collision.h(23): warning C4018: '<': signed/unsigned mismatch
f:\documents\onedrive - staffordshire university\university work\further games and graphics concepts\fggc framework semester 2\application.cpp(42): warning C4244: 'argument': conversion from 'double' to 'float', possible loss of data
f:\documents\onedrive - staffordshire university\university work\further games and graphics concepts\fggc framework semester 2\application.cpp(44): warning C4244: 'argument': conversion from 'double' to 'float', possible loss of data
f:\documents\onedrive - staffordshire university\university work\further games and graphics concepts\fggc framework semester 2\application.cpp(201): warning C4244: 'argument': conversion from 'int' to 'float', possible loss of data
  GameObject.cpp
f:\documents\onedrive - staffordshire university\university work\further games and graphics concepts\fggc framework semester 2\gameobject.cpp(21): warning C4238: nonstandard extension used: class rvalue used as lvalue
  GeometryGenerator.cpp
f:\documents\onedrive - staffordshire university\university work\further games and graphics concepts\fggc framework semester 2\geometrygenerator.cpp(53): error C2440: 'initializing': cannot convert from 'DirectX::XMFLOAT2' to 'DirectX::XMFLOAT3'
  f:\documents\onedrive - staffordshire university\university work\further games and graphics concepts\fggc framework semester 2\geometrygenerator.cpp(53): note: No constructor could take the source type, or constructor overload resolution was ambiguous
f:\documents\onedrive - staffordshire university\university work\further games and graphics concepts\fggc framework semester 2\geometrygenerator.cpp(129): error C2440: 'initializing': cannot convert from 'DirectX::XMFLOAT2' to 'DirectX::XMFLOAT3'
  f:\documents\onedrive - staffordshire university\university work\further games and graphics concepts\fggc framework semester 2\geometrygenerator.cpp(129): note: No constructor could take the source type, or constructor overload resolution was ambiguous
f:\documents\onedrive - staffordshire university\university work\further games and graphics concepts\fggc framework semester 2\geometrygenerator.cpp(130): error C2440: 'initializing': cannot convert from 'DirectX::XMFLOAT2' to 'DirectX::XMFLOAT3'
  f:\documents\onedrive - staffordshire university\university work\further games and graphics concepts\fggc framework semester 2\geometrygenerator.cpp(130): note: No constructor could take the source type, or constructor overload resolution was ambiguous
f:\documents\onedrive - staffordshire university\university work\further games and graphics concepts\fggc framework semester 2\geometrygenerator.cpp(190): warning C4244: 'argument': conversion from 'UINT' to 'unsigned short', possible loss of data
f:\documents\onedrive - staffordshire university\university work\further games and graphics concepts\fggc framework semester 2\geometrygenerator.cpp(191): warning C4244: 'argument': conversion from 'UINT' to 'const unsigned short', possible loss of data
f:\documents\onedrive - staffordshire university\university work\further games and graphics concepts\fggc framework semester 2\geometrygenerator.cpp(200): warning C4244: 'argument': conversion from 'UINT' to 'unsigned short', possible loss of data
f:\documents\onedrive - staffordshire university\university work\further games and graphics concepts\fggc framework semester 2\geometrygenerator.cpp(201): warning C4244: 'argument': conversion from 'UINT' to 'unsigned short', possible loss of data
f:\documents\onedrive - staffordshire university\university work\further games and graphics concepts\fggc framework semester 2\geometrygenerator.cpp(202): warning C4244: 'argument': conversion from 'UINT' to 'unsigned short', possible loss of data
f:\documents\onedrive - staffordshire university\university work\further games and graphics concepts\fggc framework semester 2\geometrygenerator.cpp(204): warning C4244: 'argument': conversion from 'UINT' to 'unsigned short', possible loss of data
f:\documents\onedrive - staffordshire university\university work\further games and graphics concepts\fggc framework semester 2\geometrygenerator.cpp(205): warning C4244: 'argument': conversion from 'UINT' to 'unsigned short', possible loss of data
f:\documents\onedrive - staffordshire university\university work\further games and graphics concepts\fggc framework semester 2\geometrygenerator.cpp(206): warning C4244: 'argument': conversion from 'UINT' to 'unsigned short', possible loss of data
f:\documents\onedrive - staffordshire university\university work\further games and graphics concepts\fggc framework semester 2\geometrygenerator.cpp(216): warning C4244: 'argument': conversion from 'UINT' to 'const unsigned short', possible loss of data
f:\documents\onedrive - staffordshire university\university work\further games and graphics concepts\fggc framework semester 2\geometrygenerator.cpp(217): warning C4244: 'argument': conversion from 'UINT' to 'unsigned short', possible loss of data
f:\documents\onedrive - staffordshire university\university work\further games and graphics concepts\fggc framework semester 2\geometrygenerator.cpp(218): warning C4244: 'argument': conversion from 'UINT' to 'unsigned short', possible loss of data
f:\documents\onedrive - staffordshire university\university work\further games and graphics concepts\fggc framework semester 2\geometrygenerator.cpp(247): warning C4553: '==': operator has no effect; did you intend '='?
f:\documents\onedrive - staffordshire university\university work\further games and graphics concepts\fggc framework semester 2\geometrygenerator.cpp(249): warning C4553: '==': operator has no effect; did you intend '='?
f:\documents\onedrive - staffordshire university\university work\further games and graphics concepts\fggc framework semester 2\geometrygenerator.cpp(256): warning C4244: 'initializing': conversion from 'double' to 'float', possible loss of data
f:\documents\onedrive - staffordshire university\university work\further games and graphics concepts\fggc framework semester 2\geometrygenerator.cpp(307): warning C4244: '=': conversion from 'UINT' to 'unsigned short', possible loss of data
f:\documents\onedrive - staffordshire university\university work\further games and graphics concepts\fggc framework semester 2\geometrygenerator.cpp(308): warning C4244: '=': conversion from 'UINT' to 'unsigned short', possible loss of data
f:\documents\onedrive - staffordshire university\university work\further games and graphics concepts\fggc framework semester 2\geometrygenerator.cpp(309): warning C4244: '=': conversion from 'UINT' to 'unsigned short', possible loss of data
f:\documents\onedrive - staffordshire university\university work\further games and graphics concepts\fggc framework semester 2\geometrygenerator.cpp(311): warning C4244: '=': conversion from 'UINT' to 'unsigned short', possible loss of data
f:\documents\onedrive - staffordshire university\university work\further games and graphics concepts\fggc framework semester 2\geometrygenerator.cpp(312): warning C4244: '=': conversion from 'UINT' to 'unsigned short', possible loss of data
f:\documents\onedrive - staffordshire university\university work\further games and graphics concepts\fggc framework semester 2\geometrygenerator.cpp(313): warning C4244: '=': conversion from 'UINT' to 'unsigned short', possible loss of data
f:\documents\onedrive - staffordshire university\university work\further games and graphics concepts\fggc framework semester 2\geometrygenerator.cpp(350): error C2440: 'initializing': cannot convert from 'DirectX::XMFLOAT2' to 'DirectX::XMFLOAT3'
  f:\documents\onedrive - staffordshire university\university work\further games and graphics concepts\fggc framework semester 2\geometrygenerator.cpp(350): note: No constructor could take the source type, or constructor overload resolution was ambiguous
  Main.cpp
  c:\program files (x86)\windows kits\8.1\include\um\dinput.h: DIRECTINPUT_VERSION undefined. Defaulting to version 0x0800
f:\documents\onedrive - staffordshire university\university work\further games and graphics concepts\fggc framework semester 2\camera.h(36): warning C4100: 'd': unreferenced formal parameter
f:\documents\onedrive - staffordshire university\university work\further games and graphics concepts\fggc framework semester 2\camera.h(37): warning C4100: 'd': unreferenced formal parameter
f:\documents\onedrive - staffordshire university\university work\further games and graphics concepts\fggc framework semester 2\camera.h(38): warning C4100: 'd': unreferenced formal parameter
f:\documents\onedrive - staffordshire university\university work\further games and graphics concepts\fggc framework semester 2\camera.h(41): warning C4100: 'angle': unreferenced formal parameter
f:\documents\onedrive - staffordshire university\university work\further games and graphics concepts\fggc framework semester 2\camera.h(42): warning C4100: 'angle': unreferenced formal parameter
f:\documents\onedrive - staffordshire university\university work\further games and graphics concepts\fggc framework semester 2\collision.h(21): warning C4018: '<': signed/unsigned mismatch
f:\documents\onedrive - staffordshire university\university work\further games and graphics concepts\fggc framework semester 2\collision.h(23): warning C4018: '<': signed/unsigned mismatch
f:\documents\onedrive - staffordshire university\university work\further games and graphics concepts\fggc framework semester 2\main.cpp(51): warning C4244: 'argument': conversion from 'float' to 'DWORD', possible loss of data
  OBJLoader.cpp
f:\documents\onedrive - staffordshire university\university work\further games and graphics concepts\fggc framework semester 2\objloader.cpp(36): error C2440: 'initializing': cannot convert from 'const DirectX::XMFLOAT2' to 'DirectX::XMFLOAT3'
  f:\documents\onedrive - staffordshire university\university work\further games and graphics concepts\fggc framework semester 2\objloader.cpp(36): note: No constructor could take the source type, or constructor overload resolution was ambiguous
  ParticleSystem.cpp
f:\documents\onedrive - staffordshire university\university work\further games and graphics concepts\fggc framework semester 2\particlesystem.cpp(44): warning C4189: 'decrement': local variable is initialized but not referenced
  SkySphere.cpp
  Generating Code...
