f:\documents\onedrive - staffordshire university\university work\further games and graphics concepts\fggc framework semester 2\debug\vc140.pdb
f:\documents\onedrive - staffordshire university\university work\further games and graphics concepts\fggc framework semester 2\debug\vc140.idb
f:\documents\onedrive - staffordshire university\university work\further games and graphics concepts\fggc framework semester 2\debug\vector.obj
f:\documents\onedrive - staffordshire university\university work\further games and graphics concepts\fggc framework semester 2\debug\transform.obj
f:\documents\onedrive - staffordshire university\university work\further games and graphics concepts\fggc framework semester 2\debug\particlemodel.obj
f:\documents\onedrive - staffordshire university\university work\further games and graphics concepts\fggc framework semester 2\debug\orbitcamera.obj
f:\documents\onedrive - staffordshire university\university work\further games and graphics concepts\fggc framework semester 2\debug\main.obj
f:\documents\onedrive - staffordshire university\university work\further games and graphics concepts\fggc framework semester 2\debug\gameobject.obj
f:\documents\onedrive - staffordshire university\university work\further games and graphics concepts\fggc framework semester 2\debug\freelookcamera.obj
f:\documents\onedrive - staffordshire university\university work\further games and graphics concepts\fggc framework semester 2\debug\ddstextureloader.obj
f:\documents\onedrive - staffordshire university\university work\further games and graphics concepts\fggc framework semester 2\debug\camera.obj
f:\documents\onedrive - staffordshire university\university work\further games and graphics concepts\fggc framework semester 2\debug\application.obj
f:\documents\onedrive - staffordshire university\university work\further games and graphics concepts\fggc framework semester 2\debug\appearance.obj
f:\documents\onedrive - staffordshire university\university work\further games and graphics concepts\fggc framework semester 2\debug\dx11 framework.cso
f:\documents\onedrive - staffordshire university\university work\further games and graphics concepts\fggc framework semester 2\debug\dx11 framework.ilk
f:\documents\onedrive - staffordshire university\university work\further games and graphics concepts\fggc framework semester 2\debug\dx11 framework.exe
f:\documents\onedrive - staffordshire university\university work\further games and graphics concepts\fggc framework semester 2\debug\dx11 framework.pdb
f:\documents\onedrive - staffordshire university\university work\further games and graphics concepts\fggc framework semester 2\debug\dx11 framework.res
f:\documents\onedrive - staffordshire university\university work\further games and graphics concepts\fggc framework semester 2\debug\dx11 framework.tlog\cl.command.1.tlog
f:\documents\onedrive - staffordshire university\university work\further games and graphics concepts\fggc framework semester 2\debug\dx11 framework.tlog\cl.read.1.tlog
f:\documents\onedrive - staffordshire university\university work\further games and graphics concepts\fggc framework semester 2\debug\dx11 framework.tlog\cl.write.1.tlog
f:\documents\onedrive - staffordshire university\university work\further games and graphics concepts\fggc framework semester 2\debug\dx11 framework.tlog\dx11 framework.write.1u.tlog
f:\documents\onedrive - staffordshire university\university work\further games and graphics concepts\fggc framework semester 2\debug\dx11 framework.tlog\link.command.1.tlog
f:\documents\onedrive - staffordshire university\university work\further games and graphics concepts\fggc framework semester 2\debug\dx11 framework.tlog\link.read.1.tlog
f:\documents\onedrive - staffordshire university\university work\further games and graphics concepts\fggc framework semester 2\debug\dx11 framework.tlog\link.write.1.tlog
f:\documents\onedrive - staffordshire university\university work\further games and graphics concepts\fggc framework semester 2\debug\dx11 framework.tlog\rc.command.1.tlog
f:\documents\onedrive - staffordshire university\university work\further games and graphics concepts\fggc framework semester 2\debug\dx11 framework.tlog\rc.read.1.tlog
f:\documents\onedrive - staffordshire university\university work\further games and graphics concepts\fggc framework semester 2\debug\dx11 framework.tlog\rc.write.1.tlog
